

================================================================
== Vitis HLS Report for 'Conv_Pipeline_Input_Channel'
================================================================
* Date:           Thu Apr 20 21:07:56 2023

* Version:        2022.1 (Build 3526262 on Mon Apr 18 15:48:16 MDT 2022)
* Project:        conv_core
* Solution:       solution1 (Vivado IP Flow Target)
* Product family: zynq
* Target device:  xc7z020-clg400-1


================================================================
== Performance Estimates
================================================================
+ Timing: 
    * Summary: 
    +--------+----------+----------+------------+
    |  Clock |  Target  | Estimated| Uncertainty|
    +--------+----------+----------+------------+
    |ap_clk  |  10.00 ns|  7.300 ns|     2.70 ns|
    +--------+----------+----------+------------+

+ Latency: 
    * Summary: 
    +---------+---------+-----------+----------+-----+--------+---------+
    |  Latency (cycles) |  Latency (absolute)  |   Interval   | Pipeline|
    |   min   |   max   |    min    |    max   | min |   max  |   Type  |
    +---------+---------+-----------+----------+-----+--------+---------+
    |        2|   327691|  20.000 ns|  3.277 ms|    2|  327691|       no|
    +---------+---------+-----------+----------+-----+--------+---------+

    + Detail: 
        * Instance: 
        N/A

        * Loop: 
        +-----------------+---------+---------+----------+-----------+-----------+-----------+----------+
        |                 |  Latency (cycles) | Iteration|  Initiation Interval  |    Trip   |          |
        |    Loop Name    |   min   |   max   |  Latency |  achieved |   target  |   Count   | Pipelined|
        +-----------------+---------+---------+----------+-----------+-----------+-----------+----------+
        |- Input_Channel  |        0|   327689|        20|          5|          1|  0 ~ 65535|       yes|
        +-----------------+---------+---------+----------+-----------+-----------+-----------+----------+

============================================================
+ Verbose Summary: Synthesis Manager
============================================================
InlineROM: 1
ExposeGlobal: 0
============================================================
+ Verbose Summary: CDFG Model
============================================================
IsTopModel: 0
ResetActiveHigh: 1
IsCombinational: 0
IsDatapathOnly: 0
HasWiredReturn: 1
HasMFsm: 2
HasVarLatency: 1
IsPipeline: 0
IsRtlPipelined: 0
IsInstanceOverlapped: 0
IsDontTouch: 0
HasImplIP: 0
IsGatedGlobalClock: 0

+ Individual pipeline summary: 
  * Pipeline-0: initiation interval (II) = 5, depth = 21


============================================================
+ Verbose Summary: Schedule
============================================================
* Number of FSM states : 21
* Pipeline : 1
  Pipeline-0 : II = 5, D = 21, States = { 1 2 3 4 5 6 7 8 9 10 11 12 13 14 15 16 17 18 19 20 21 }
* Dataflow Pipeline: 0

* FSM state transitions: 
1 --> 2 
2 --> 3 
3 --> 4 
4 --> 5 
5 --> 6 
6 --> 7 
7 --> 8 
8 --> 9 
9 --> 10 
10 --> 11 
11 --> 12 
12 --> 13 
13 --> 14 
14 --> 15 
15 --> 16 
16 --> 17 
17 --> 18 
18 --> 19 
19 --> 20 
20 --> 21 
21 --> 

* FSM state operations: 

State 1 <SV = 0> <Delay = 1.58>
ST_1 : Operation 23 [1/1] (0.00ns)   --->   "%ret_V = alloca i32 1"   --->   Operation 23 'alloca' 'ret_V' <Predicate = true> <Delay = 0.00>
ST_1 : Operation 24 [1/1] (0.00ns)   --->   "%sum = alloca i32 1"   --->   Operation 24 'alloca' 'sum' <Predicate = true> <Delay = 0.00>
ST_1 : Operation 25 [1/1] (0.00ns)   --->   "%lhs_V = alloca i32 1"   --->   Operation 25 'alloca' 'lhs_V' <Predicate = true> <Delay = 0.00>
ST_1 : Operation 26 [1/1] (0.00ns)   --->   "%W_read = read i64 @_ssdm_op_Read.ap_auto.i64, i64 %W"   --->   Operation 26 'read' 'W_read' <Predicate = true> <Delay = 0.00>
ST_1 : Operation 27 [1/1] (0.00ns)   --->   "%tmp13_read = read i48 @_ssdm_op_Read.ap_auto.i48, i48 %tmp13"   --->   Operation 27 'read' 'tmp13_read' <Predicate = true> <Delay = 0.00>
ST_1 : Operation 28 [1/1] (0.00ns)   --->   "%zext_ln1073_1_read = read i16 @_ssdm_op_Read.ap_auto.i16, i16 %zext_ln1073_1"   --->   Operation 28 'read' 'zext_ln1073_1_read' <Predicate = true> <Delay = 0.00>
ST_1 : Operation 29 [1/1] (0.00ns)   --->   "%CHout_cast6_read = read i16 @_ssdm_op_Read.ap_auto.i16, i16 %CHout_cast6"   --->   Operation 29 'read' 'CHout_cast6_read' <Predicate = true> <Delay = 0.00>
ST_1 : Operation 30 [1/1] (0.00ns)   --->   "%trunc_ln57_cast_read = read i62 @_ssdm_op_Read.ap_auto.i62, i62 %trunc_ln57_cast"   --->   Operation 30 'read' 'trunc_ln57_cast_read' <Predicate = true> <Delay = 0.00>
ST_1 : Operation 31 [1/1] (0.00ns)   --->   "%CHin_read = read i16 @_ssdm_op_Read.ap_auto.i16, i16 %CHin"   --->   Operation 31 'read' 'CHin_read' <Predicate = true> <Delay = 0.00>
ST_1 : Operation 32 [1/1] (0.00ns)   --->   "%sum_1_read = read i32 @_ssdm_op_Read.ap_auto.float, i32 %sum_1"   --->   Operation 32 'read' 'sum_1_read' <Predicate = true> <Delay = 0.00>
ST_1 : Operation 33 [1/1] (0.00ns)   --->   "%zext_ln1073_1_cast = zext i16 %zext_ln1073_1_read"   --->   Operation 33 'zext' 'zext_ln1073_1_cast' <Predicate = true> <Delay = 0.00>
ST_1 : Operation 34 [1/1] (0.00ns)   --->   "%CHout_cast6_cast = zext i16 %CHout_cast6_read"   --->   Operation 34 'zext' 'CHout_cast6_cast' <Predicate = true> <Delay = 0.00>
ST_1 : Operation 35 [1/1] (0.00ns)   --->   "%trunc_ln57_cast_cast = sext i62 %trunc_ln57_cast_read"   --->   Operation 35 'sext' 'trunc_ln57_cast_cast' <Predicate = true> <Delay = 0.00>
ST_1 : Operation 36 [1/1] (0.00ns)   --->   "%specinterface_ln0 = specinterface void @_ssdm_op_SpecInterface, i32 %gmem, void @empty, i32 0, i32 0, void @empty_0, i32 0, i32 2147483647, void @empty_1, void @empty_2, void @empty_0, i32 16, i32 16, i32 16, i32 16, void @empty_0, void @empty_0, i32 4294967295, i32 0"   --->   Operation 36 'specinterface' 'specinterface_ln0' <Predicate = true> <Delay = 0.00>
ST_1 : Operation 37 [1/1] (1.58ns)   --->   "%store_ln0 = store i16 0, i16 %lhs_V"   --->   Operation 37 'store' 'store_ln0' <Predicate = true> <Delay = 1.58>
ST_1 : Operation 38 [1/1] (1.58ns)   --->   "%store_ln0 = store i32 %sum_1_read, i32 %sum"   --->   Operation 38 'store' 'store_ln0' <Predicate = true> <Delay = 1.58>
ST_1 : Operation 39 [1/1] (1.58ns)   --->   "%store_ln0 = store i32 0, i32 %ret_V"   --->   Operation 39 'store' 'store_ln0' <Predicate = true> <Delay = 1.58>
ST_1 : Operation 40 [1/1] (0.00ns)   --->   "%br_ln0 = br void %for.inc"   --->   Operation 40 'br' 'br_ln0' <Predicate = true> <Delay = 0.00>

State 2 <SV = 1> <Delay = 4.14>
ST_2 : Operation 41 [1/1] (0.00ns)   --->   "%cin_1 = load i16 %lhs_V" [conv_core.cpp:57]   --->   Operation 41 'load' 'cin_1' <Predicate = true> <Delay = 0.00>
ST_2 : Operation 42 [1/1] (0.00ns)   --->   "%specbitsmap_ln0 = specbitsmap void @_ssdm_op_SpecBitsMap, i32 %gmem"   --->   Operation 42 'specbitsmap' 'specbitsmap_ln0' <Predicate = true> <Delay = 0.00>
ST_2 : Operation 43 [1/1] (0.00ns)   --->   "%specpipeline_ln0 = specpipeline void @_ssdm_op_SpecPipeline, i32 4294967295, i32 0, i32 1, i32 0, void @p_str"   --->   Operation 43 'specpipeline' 'specpipeline_ln0' <Predicate = true> <Delay = 0.00>
ST_2 : Operation 44 [1/1] (2.42ns)   --->   "%icmp_ln1073 = icmp_eq  i16 %cin_1, i16 %CHin_read"   --->   Operation 44 'icmp' 'icmp_ln1073' <Predicate = true> <Delay = 2.42> <CoreInst = "Cmp">   --->   Core 9 'Cmp' <Latency = 0> <II = 1> <Delay = 2.42> <FuncUnit> <Opcode : 'icmp'> <InPorts = 2> <OutPorts = 1>
ST_2 : Operation 45 [1/1] (0.00ns)   --->   "%empty = speclooptripcount i32 @_ssdm_op_SpecLoopTripCount, i64 0, i64 65535, i64 0"   --->   Operation 45 'speclooptripcount' 'empty' <Predicate = true> <Delay = 0.00>
ST_2 : Operation 46 [1/1] (2.07ns)   --->   "%cin = add i16 %cin_1, i16 1" [conv_core.cpp:57]   --->   Operation 46 'add' 'cin' <Predicate = true> <Delay = 2.07> <CoreInst = "Adder">   --->   Core 1 'Adder' <Latency = 0> <II = 1> <Delay = 2.07> <FuncUnit> <Opcode : 'add' 'sub'> <InPorts = 2> <OutPorts = 1>
ST_2 : Operation 47 [1/1] (0.00ns)   --->   "%br_ln57 = br i1 %icmp_ln1073, void %for.inc.split, void %for.inc81.loopexit.exitStub" [conv_core.cpp:57]   --->   Operation 47 'br' 'br_ln57' <Predicate = true> <Delay = 0.00>
ST_2 : Operation 48 [1/1] (0.00ns)   --->   "%ret_V_load = load i32 %ret_V"   --->   Operation 48 'load' 'ret_V_load' <Predicate = (!icmp_ln1073)> <Delay = 0.00>
ST_2 : Operation 49 [1/1] (0.00ns)   --->   "%indvar_cast = zext i16 %cin_1" [conv_core.cpp:57]   --->   Operation 49 'zext' 'indvar_cast' <Predicate = (!icmp_ln1073)> <Delay = 0.00>
ST_2 : Operation 50 [1/1] (3.46ns)   --->   "%add_ln64 = add i63 %indvar_cast, i63 %trunc_ln57_cast_cast" [conv_core.cpp:64]   --->   Operation 50 'add' 'add_ln64' <Predicate = (!icmp_ln1073)> <Delay = 3.46> <CoreInst = "Adder">   --->   Core 1 'Adder' <Latency = 0> <II = 1> <Delay = 3.46> <FuncUnit> <Opcode : 'add' 'sub'> <InPorts = 2> <OutPorts = 1>
ST_2 : Operation 51 [1/1] (0.00ns)   --->   "%sext_ln64_1 = sext i63 %add_ln64" [conv_core.cpp:64]   --->   Operation 51 'sext' 'sext_ln64_1' <Predicate = (!icmp_ln1073)> <Delay = 0.00>
ST_2 : Operation 52 [1/1] (0.00ns)   --->   "%gmem_addr = getelementptr i32 %gmem, i64 %sext_ln64_1" [conv_core.cpp:64]   --->   Operation 52 'getelementptr' 'gmem_addr' <Predicate = (!icmp_ln1073)> <Delay = 0.00>
ST_2 : Operation 53 [1/1] (2.55ns)   --->   "%add_ln1540 = add i32 %ret_V_load, i32 %CHout_cast6_cast"   --->   Operation 53 'add' 'add_ln1540' <Predicate = (!icmp_ln1073)> <Delay = 2.55> <CoreInst = "Adder">   --->   Core 1 'Adder' <Latency = 0> <II = 1> <Delay = 2.55> <FuncUnit> <Opcode : 'add' 'sub'> <InPorts = 2> <OutPorts = 1>
ST_2 : Operation 54 [1/1] (2.55ns)   --->   "%add_ln587 = add i32 %zext_ln1073_1_cast, i32 %ret_V_load"   --->   Operation 54 'add' 'add_ln587' <Predicate = (!icmp_ln1073)> <Delay = 2.55> <CoreInst = "Adder">   --->   Core 1 'Adder' <Latency = 0> <II = 1> <Delay = 2.55> <FuncUnit> <Opcode : 'add' 'sub'> <InPorts = 2> <OutPorts = 1>
ST_2 : Operation 55 [1/1] (1.58ns)   --->   "%store_ln57 = store i16 %cin, i16 %lhs_V" [conv_core.cpp:57]   --->   Operation 55 'store' 'store_ln57' <Predicate = (!icmp_ln1073)> <Delay = 1.58>
ST_2 : Operation 56 [1/1] (1.58ns)   --->   "%store_ln57 = store i32 %add_ln1540, i32 %ret_V" [conv_core.cpp:57]   --->   Operation 56 'store' 'store_ln57' <Predicate = (!icmp_ln1073)> <Delay = 1.58>

State 3 <SV = 2> <Delay = 7.30>
ST_3 : Operation 57 [7/7] (7.30ns)   --->   "%gmem_load_1_req = readreq i1 @_ssdm_op_ReadReq.m_axi.i32P1A, i32 %gmem_addr, i32 1" [conv_core.cpp:64]   --->   Operation 57 'readreq' 'gmem_load_1_req' <Predicate = (!icmp_ln1073)> <Delay = 7.30> <CoreInst = "m_axi">   --->   Core 113 'm_axi' <Latency = 0> <II = 1> <Delay = 1.00> <Adapter> <Opcode : 'read' 'write' 'readreq' 'writereq' 'writeresp'>
ST_3 : Operation 58 [1/1] (0.00ns)   --->   "%zext_ln587 = zext i32 %add_ln587"   --->   Operation 58 'zext' 'zext_ln587' <Predicate = (!icmp_ln1073)> <Delay = 0.00>
ST_3 : Operation 59 [1/1] (3.10ns)   --->   "%add_ln587_1 = add i48 %zext_ln587, i48 %tmp13_read"   --->   Operation 59 'add' 'add_ln587_1' <Predicate = (!icmp_ln1073)> <Delay = 3.10> <CoreInst = "Adder">   --->   Core 1 'Adder' <Latency = 0> <II = 1> <Delay = 3.10> <FuncUnit> <Opcode : 'add' 'sub'> <InPorts = 2> <OutPorts = 1>
ST_3 : Operation 60 [1/1] (0.00ns)   --->   "%shl_ln3 = bitconcatenate i50 @_ssdm_op_BitConcatenate.i50.i48.i2, i48 %add_ln587_1, i2 0" [conv_core.cpp:64]   --->   Operation 60 'bitconcatenate' 'shl_ln3' <Predicate = (!icmp_ln1073)> <Delay = 0.00>
ST_3 : Operation 61 [1/1] (0.00ns)   --->   "%zext_ln64 = zext i50 %shl_ln3" [conv_core.cpp:64]   --->   Operation 61 'zext' 'zext_ln64' <Predicate = (!icmp_ln1073)> <Delay = 0.00>
ST_3 : Operation 62 [1/1] (3.52ns)   --->   "%add_ln64_1 = add i64 %zext_ln64, i64 %W_read" [conv_core.cpp:64]   --->   Operation 62 'add' 'add_ln64_1' <Predicate = (!icmp_ln1073)> <Delay = 3.52> <CoreInst = "Adder">   --->   Core 1 'Adder' <Latency = 0> <II = 1> <Delay = 3.52> <FuncUnit> <Opcode : 'add' 'sub'> <InPorts = 2> <OutPorts = 1>
ST_3 : Operation 63 [1/1] (0.00ns)   --->   "%trunc_ln5 = partselect i62 @_ssdm_op_PartSelect.i62.i64.i32.i32, i64 %add_ln64_1, i32 2, i32 63" [conv_core.cpp:64]   --->   Operation 63 'partselect' 'trunc_ln5' <Predicate = (!icmp_ln1073)> <Delay = 0.00>
ST_3 : Operation 64 [1/1] (0.00ns)   --->   "%sext_ln64 = sext i62 %trunc_ln5" [conv_core.cpp:64]   --->   Operation 64 'sext' 'sext_ln64' <Predicate = (!icmp_ln1073)> <Delay = 0.00>
ST_3 : Operation 65 [1/1] (0.00ns)   --->   "%gmem_addr_1 = getelementptr i32 %gmem, i64 %sext_ln64" [conv_core.cpp:64]   --->   Operation 65 'getelementptr' 'gmem_addr_1' <Predicate = (!icmp_ln1073)> <Delay = 0.00>

State 4 <SV = 3> <Delay = 7.30>
ST_4 : Operation 66 [6/7] (7.30ns)   --->   "%gmem_load_1_req = readreq i1 @_ssdm_op_ReadReq.m_axi.i32P1A, i32 %gmem_addr, i32 1" [conv_core.cpp:64]   --->   Operation 66 'readreq' 'gmem_load_1_req' <Predicate = (!icmp_ln1073)> <Delay = 7.30> <CoreInst = "m_axi">   --->   Core 113 'm_axi' <Latency = 0> <II = 1> <Delay = 1.00> <Adapter> <Opcode : 'read' 'write' 'readreq' 'writereq' 'writeresp'>
ST_4 : Operation 67 [7/7] (7.30ns)   --->   "%gmem_load_2_req = readreq i1 @_ssdm_op_ReadReq.m_axi.i32P1A, i32 %gmem_addr_1, i32 1" [conv_core.cpp:64]   --->   Operation 67 'readreq' 'gmem_load_2_req' <Predicate = (!icmp_ln1073)> <Delay = 7.30> <CoreInst = "m_axi">   --->   Core 113 'm_axi' <Latency = 0> <II = 1> <Delay = 1.00> <Adapter> <Opcode : 'read' 'write' 'readreq' 'writereq' 'writeresp'>

State 5 <SV = 4> <Delay = 7.30>
ST_5 : Operation 68 [5/7] (7.30ns)   --->   "%gmem_load_1_req = readreq i1 @_ssdm_op_ReadReq.m_axi.i32P1A, i32 %gmem_addr, i32 1" [conv_core.cpp:64]   --->   Operation 68 'readreq' 'gmem_load_1_req' <Predicate = (!icmp_ln1073)> <Delay = 7.30> <CoreInst = "m_axi">   --->   Core 113 'm_axi' <Latency = 0> <II = 1> <Delay = 1.00> <Adapter> <Opcode : 'read' 'write' 'readreq' 'writereq' 'writeresp'>
ST_5 : Operation 69 [6/7] (7.30ns)   --->   "%gmem_load_2_req = readreq i1 @_ssdm_op_ReadReq.m_axi.i32P1A, i32 %gmem_addr_1, i32 1" [conv_core.cpp:64]   --->   Operation 69 'readreq' 'gmem_load_2_req' <Predicate = (!icmp_ln1073)> <Delay = 7.30> <CoreInst = "m_axi">   --->   Core 113 'm_axi' <Latency = 0> <II = 1> <Delay = 1.00> <Adapter> <Opcode : 'read' 'write' 'readreq' 'writereq' 'writeresp'>

State 6 <SV = 5> <Delay = 7.30>
ST_6 : Operation 70 [4/7] (7.30ns)   --->   "%gmem_load_1_req = readreq i1 @_ssdm_op_ReadReq.m_axi.i32P1A, i32 %gmem_addr, i32 1" [conv_core.cpp:64]   --->   Operation 70 'readreq' 'gmem_load_1_req' <Predicate = (!icmp_ln1073)> <Delay = 7.30> <CoreInst = "m_axi">   --->   Core 113 'm_axi' <Latency = 0> <II = 1> <Delay = 1.00> <Adapter> <Opcode : 'read' 'write' 'readreq' 'writereq' 'writeresp'>
ST_6 : Operation 71 [5/7] (7.30ns)   --->   "%gmem_load_2_req = readreq i1 @_ssdm_op_ReadReq.m_axi.i32P1A, i32 %gmem_addr_1, i32 1" [conv_core.cpp:64]   --->   Operation 71 'readreq' 'gmem_load_2_req' <Predicate = (!icmp_ln1073)> <Delay = 7.30> <CoreInst = "m_axi">   --->   Core 113 'm_axi' <Latency = 0> <II = 1> <Delay = 1.00> <Adapter> <Opcode : 'read' 'write' 'readreq' 'writereq' 'writeresp'>

State 7 <SV = 6> <Delay = 7.30>
ST_7 : Operation 72 [3/7] (7.30ns)   --->   "%gmem_load_1_req = readreq i1 @_ssdm_op_ReadReq.m_axi.i32P1A, i32 %gmem_addr, i32 1" [conv_core.cpp:64]   --->   Operation 72 'readreq' 'gmem_load_1_req' <Predicate = true> <Delay = 7.30> <CoreInst = "m_axi">   --->   Core 113 'm_axi' <Latency = 0> <II = 1> <Delay = 1.00> <Adapter> <Opcode : 'read' 'write' 'readreq' 'writereq' 'writeresp'>
ST_7 : Operation 73 [4/7] (7.30ns)   --->   "%gmem_load_2_req = readreq i1 @_ssdm_op_ReadReq.m_axi.i32P1A, i32 %gmem_addr_1, i32 1" [conv_core.cpp:64]   --->   Operation 73 'readreq' 'gmem_load_2_req' <Predicate = true> <Delay = 7.30> <CoreInst = "m_axi">   --->   Core 113 'm_axi' <Latency = 0> <II = 1> <Delay = 1.00> <Adapter> <Opcode : 'read' 'write' 'readreq' 'writereq' 'writeresp'>

State 8 <SV = 7> <Delay = 7.30>
ST_8 : Operation 74 [2/7] (7.30ns)   --->   "%gmem_load_1_req = readreq i1 @_ssdm_op_ReadReq.m_axi.i32P1A, i32 %gmem_addr, i32 1" [conv_core.cpp:64]   --->   Operation 74 'readreq' 'gmem_load_1_req' <Predicate = true> <Delay = 7.30> <CoreInst = "m_axi">   --->   Core 113 'm_axi' <Latency = 0> <II = 1> <Delay = 1.00> <Adapter> <Opcode : 'read' 'write' 'readreq' 'writereq' 'writeresp'>
ST_8 : Operation 75 [3/7] (7.30ns)   --->   "%gmem_load_2_req = readreq i1 @_ssdm_op_ReadReq.m_axi.i32P1A, i32 %gmem_addr_1, i32 1" [conv_core.cpp:64]   --->   Operation 75 'readreq' 'gmem_load_2_req' <Predicate = true> <Delay = 7.30> <CoreInst = "m_axi">   --->   Core 113 'm_axi' <Latency = 0> <II = 1> <Delay = 1.00> <Adapter> <Opcode : 'read' 'write' 'readreq' 'writereq' 'writeresp'>

State 9 <SV = 8> <Delay = 7.30>
ST_9 : Operation 76 [1/7] (7.30ns)   --->   "%gmem_load_1_req = readreq i1 @_ssdm_op_ReadReq.m_axi.i32P1A, i32 %gmem_addr, i32 1" [conv_core.cpp:64]   --->   Operation 76 'readreq' 'gmem_load_1_req' <Predicate = true> <Delay = 7.30> <CoreInst = "m_axi">   --->   Core 113 'm_axi' <Latency = 0> <II = 1> <Delay = 1.00> <Adapter> <Opcode : 'read' 'write' 'readreq' 'writereq' 'writeresp'>
ST_9 : Operation 77 [2/7] (7.30ns)   --->   "%gmem_load_2_req = readreq i1 @_ssdm_op_ReadReq.m_axi.i32P1A, i32 %gmem_addr_1, i32 1" [conv_core.cpp:64]   --->   Operation 77 'readreq' 'gmem_load_2_req' <Predicate = true> <Delay = 7.30> <CoreInst = "m_axi">   --->   Core 113 'm_axi' <Latency = 0> <II = 1> <Delay = 1.00> <Adapter> <Opcode : 'read' 'write' 'readreq' 'writereq' 'writeresp'>

State 10 <SV = 9> <Delay = 7.30>
ST_10 : Operation 78 [1/1] (7.30ns)   --->   "%gmem_addr_read = read i32 @_ssdm_op_Read.m_axi.i32P1A, i32 %gmem_addr" [conv_core.cpp:64]   --->   Operation 78 'read' 'gmem_addr_read' <Predicate = true> <Delay = 7.30> <CoreInst = "m_axi">   --->   Core 113 'm_axi' <Latency = 0> <II = 1> <Delay = 1.00> <Adapter> <Opcode : 'read' 'write' 'readreq' 'writereq' 'writeresp'>
ST_10 : Operation 79 [1/7] (7.30ns)   --->   "%gmem_load_2_req = readreq i1 @_ssdm_op_ReadReq.m_axi.i32P1A, i32 %gmem_addr_1, i32 1" [conv_core.cpp:64]   --->   Operation 79 'readreq' 'gmem_load_2_req' <Predicate = true> <Delay = 7.30> <CoreInst = "m_axi">   --->   Core 113 'm_axi' <Latency = 0> <II = 1> <Delay = 1.00> <Adapter> <Opcode : 'read' 'write' 'readreq' 'writereq' 'writeresp'>

State 11 <SV = 10> <Delay = 7.30>
ST_11 : Operation 80 [1/1] (7.30ns)   --->   "%gmem_addr_1_read = read i32 @_ssdm_op_Read.m_axi.i32P1A, i32 %gmem_addr_1" [conv_core.cpp:64]   --->   Operation 80 'read' 'gmem_addr_1_read' <Predicate = true> <Delay = 7.30> <CoreInst = "m_axi">   --->   Core 113 'm_axi' <Latency = 0> <II = 1> <Delay = 1.00> <Adapter> <Opcode : 'read' 'write' 'readreq' 'writereq' 'writeresp'>

State 12 <SV = 11> <Delay = 5.70>
ST_12 : Operation 81 [1/1] (0.00ns)   --->   "%bitcast_ln64 = bitcast i32 %gmem_addr_read" [conv_core.cpp:64]   --->   Operation 81 'bitcast' 'bitcast_ln64' <Predicate = true> <Delay = 0.00>
ST_12 : Operation 82 [1/1] (0.00ns)   --->   "%bitcast_ln64_1 = bitcast i32 %gmem_addr_1_read" [conv_core.cpp:64]   --->   Operation 82 'bitcast' 'bitcast_ln64_1' <Predicate = true> <Delay = 0.00>
ST_12 : Operation 83 [4/4] (5.70ns)   --->   "%tp = fmul i32 %bitcast_ln64, i32 %bitcast_ln64_1" [conv_core.cpp:64]   --->   Operation 83 'fmul' 'tp' <Predicate = true> <Delay = 5.70> <CoreInst = "FMul_maxdsp">   --->   Core 30 'FMul_maxdsp' <Latency = 3> <II = 1> <Delay = 5.70> <FuncUnit> <Opcode : 'fmul'> <InPorts = 2> <OutPorts = 1>

State 13 <SV = 12> <Delay = 5.70>
ST_13 : Operation 84 [3/4] (5.70ns)   --->   "%tp = fmul i32 %bitcast_ln64, i32 %bitcast_ln64_1" [conv_core.cpp:64]   --->   Operation 84 'fmul' 'tp' <Predicate = true> <Delay = 5.70> <CoreInst = "FMul_maxdsp">   --->   Core 30 'FMul_maxdsp' <Latency = 3> <II = 1> <Delay = 5.70> <FuncUnit> <Opcode : 'fmul'> <InPorts = 2> <OutPorts = 1>

State 14 <SV = 13> <Delay = 5.70>
ST_14 : Operation 85 [2/4] (5.70ns)   --->   "%tp = fmul i32 %bitcast_ln64, i32 %bitcast_ln64_1" [conv_core.cpp:64]   --->   Operation 85 'fmul' 'tp' <Predicate = true> <Delay = 5.70> <CoreInst = "FMul_maxdsp">   --->   Core 30 'FMul_maxdsp' <Latency = 3> <II = 1> <Delay = 5.70> <FuncUnit> <Opcode : 'fmul'> <InPorts = 2> <OutPorts = 1>

State 15 <SV = 14> <Delay = 5.70>
ST_15 : Operation 86 [1/4] (5.70ns)   --->   "%tp = fmul i32 %bitcast_ln64, i32 %bitcast_ln64_1" [conv_core.cpp:64]   --->   Operation 86 'fmul' 'tp' <Predicate = true> <Delay = 5.70> <CoreInst = "FMul_maxdsp">   --->   Core 30 'FMul_maxdsp' <Latency = 3> <II = 1> <Delay = 5.70> <FuncUnit> <Opcode : 'fmul'> <InPorts = 2> <OutPorts = 1>

State 16 <SV = 15> <Delay = 7.25>
ST_16 : Operation 87 [1/1] (0.00ns)   --->   "%sum_load_1 = load i32 %sum" [conv_core.cpp:65]   --->   Operation 87 'load' 'sum_load_1' <Predicate = true> <Delay = 0.00>
ST_16 : Operation 88 [5/5] (7.25ns)   --->   "%sum_2 = fadd i32 %sum_load_1, i32 %tp" [conv_core.cpp:65]   --->   Operation 88 'fadd' 'sum_2' <Predicate = true> <Delay = 7.25> <CoreInst = "FAddSub_fulldsp">   --->   Core 18 'FAddSub_fulldsp' <Latency = 4> <II = 1> <Delay = 7.25> <FuncUnit> <Opcode : 'fadd' 'fsub'> <InPorts = 2> <OutPorts = 1>
ST_16 : Operation 96 [1/1] (0.00ns)   --->   "%sum_load = load i32 %sum"   --->   Operation 96 'load' 'sum_load' <Predicate = (icmp_ln1073)> <Delay = 0.00>
ST_16 : Operation 97 [1/1] (0.00ns)   --->   "%write_ln0 = write void @_ssdm_op_Write.ap_auto.floatP0A, i32 %sum_2_out, i32 %sum_load"   --->   Operation 97 'write' 'write_ln0' <Predicate = (icmp_ln1073)> <Delay = 0.00>
ST_16 : Operation 98 [1/1] (0.00ns)   --->   "%ret_ln0 = ret"   --->   Operation 98 'ret' 'ret_ln0' <Predicate = (icmp_ln1073)> <Delay = 0.00>

State 17 <SV = 16> <Delay = 7.25>
ST_17 : Operation 89 [4/5] (7.25ns)   --->   "%sum_2 = fadd i32 %sum_load_1, i32 %tp" [conv_core.cpp:65]   --->   Operation 89 'fadd' 'sum_2' <Predicate = true> <Delay = 7.25> <CoreInst = "FAddSub_fulldsp">   --->   Core 18 'FAddSub_fulldsp' <Latency = 4> <II = 1> <Delay = 7.25> <FuncUnit> <Opcode : 'fadd' 'fsub'> <InPorts = 2> <OutPorts = 1>

State 18 <SV = 17> <Delay = 7.25>
ST_18 : Operation 90 [3/5] (7.25ns)   --->   "%sum_2 = fadd i32 %sum_load_1, i32 %tp" [conv_core.cpp:65]   --->   Operation 90 'fadd' 'sum_2' <Predicate = true> <Delay = 7.25> <CoreInst = "FAddSub_fulldsp">   --->   Core 18 'FAddSub_fulldsp' <Latency = 4> <II = 1> <Delay = 7.25> <FuncUnit> <Opcode : 'fadd' 'fsub'> <InPorts = 2> <OutPorts = 1>

State 19 <SV = 18> <Delay = 7.25>
ST_19 : Operation 91 [2/5] (7.25ns)   --->   "%sum_2 = fadd i32 %sum_load_1, i32 %tp" [conv_core.cpp:65]   --->   Operation 91 'fadd' 'sum_2' <Predicate = true> <Delay = 7.25> <CoreInst = "FAddSub_fulldsp">   --->   Core 18 'FAddSub_fulldsp' <Latency = 4> <II = 1> <Delay = 7.25> <FuncUnit> <Opcode : 'fadd' 'fsub'> <InPorts = 2> <OutPorts = 1>

State 20 <SV = 19> <Delay = 7.25>
ST_20 : Operation 92 [1/5] (7.25ns)   --->   "%sum_2 = fadd i32 %sum_load_1, i32 %tp" [conv_core.cpp:65]   --->   Operation 92 'fadd' 'sum_2' <Predicate = true> <Delay = 7.25> <CoreInst = "FAddSub_fulldsp">   --->   Core 18 'FAddSub_fulldsp' <Latency = 4> <II = 1> <Delay = 7.25> <FuncUnit> <Opcode : 'fadd' 'fsub'> <InPorts = 2> <OutPorts = 1>

State 21 <SV = 20> <Delay = 1.58>
ST_21 : Operation 93 [1/1] (0.00ns)   --->   "%specloopname_ln47 = specloopname void @_ssdm_op_SpecLoopName, void @empty_22" [conv_core.cpp:47]   --->   Operation 93 'specloopname' 'specloopname_ln47' <Predicate = true> <Delay = 0.00>
ST_21 : Operation 94 [1/1] (1.58ns)   --->   "%store_ln57 = store i32 %sum_2, i32 %sum" [conv_core.cpp:57]   --->   Operation 94 'store' 'store_ln57' <Predicate = true> <Delay = 1.58>
ST_21 : Operation 95 [1/1] (0.00ns)   --->   "%br_ln57 = br void %for.inc" [conv_core.cpp:57]   --->   Operation 95 'br' 'br_ln57' <Predicate = true> <Delay = 0.00>


============================================================
+ Verbose Summary: Timing violations
============================================================
Target clock period: 10ns, clock uncertainty: 2.7ns.

 <State 1>: 1.59ns
The critical path consists of the following:
	'alloca' operation ('lhs.V') [12]  (0 ns)
	'store' operation ('store_ln0') of constant 0 on local variable 'lhs.V' [24]  (1.59 ns)

 <State 2>: 4.14ns
The critical path consists of the following:
	'load' operation ('ret_V_load') on local variable 'ret.V' [37]  (0 ns)
	'add' operation ('add_ln1540') [47]  (2.55 ns)
	'store' operation ('store_ln57', conv_core.cpp:57) of variable 'add_ln1540' on local variable 'ret.V' [64]  (1.59 ns)

 <State 3>: 7.3ns
The critical path consists of the following:
	bus request operation ('gmem_load_1_req', conv_core.cpp:64) on port 'gmem' (conv_core.cpp:64) [44]  (7.3 ns)

 <State 4>: 7.3ns
The critical path consists of the following:
	bus request operation ('gmem_load_1_req', conv_core.cpp:64) on port 'gmem' (conv_core.cpp:64) [44]  (7.3 ns)

 <State 5>: 7.3ns
The critical path consists of the following:
	bus request operation ('gmem_load_1_req', conv_core.cpp:64) on port 'gmem' (conv_core.cpp:64) [44]  (7.3 ns)

 <State 6>: 7.3ns
The critical path consists of the following:
	bus request operation ('gmem_load_1_req', conv_core.cpp:64) on port 'gmem' (conv_core.cpp:64) [44]  (7.3 ns)

 <State 7>: 7.3ns
The critical path consists of the following:
	bus request operation ('gmem_load_1_req', conv_core.cpp:64) on port 'gmem' (conv_core.cpp:64) [44]  (7.3 ns)

 <State 8>: 7.3ns
The critical path consists of the following:
	bus request operation ('gmem_load_1_req', conv_core.cpp:64) on port 'gmem' (conv_core.cpp:64) [44]  (7.3 ns)

 <State 9>: 7.3ns
The critical path consists of the following:
	bus request operation ('gmem_load_1_req', conv_core.cpp:64) on port 'gmem' (conv_core.cpp:64) [44]  (7.3 ns)

 <State 10>: 7.3ns
The critical path consists of the following:
	bus read operation ('gmem_addr_read', conv_core.cpp:64) on port 'gmem' (conv_core.cpp:64) [45]  (7.3 ns)

 <State 11>: 7.3ns
The critical path consists of the following:
	bus read operation ('gmem_addr_1_read', conv_core.cpp:64) on port 'gmem' (conv_core.cpp:64) [58]  (7.3 ns)

 <State 12>: 5.7ns
The critical path consists of the following:
	'fmul' operation ('tp', conv_core.cpp:64) [60]  (5.7 ns)

 <State 13>: 5.7ns
The critical path consists of the following:
	'fmul' operation ('tp', conv_core.cpp:64) [60]  (5.7 ns)

 <State 14>: 5.7ns
The critical path consists of the following:
	'fmul' operation ('tp', conv_core.cpp:64) [60]  (5.7 ns)

 <State 15>: 5.7ns
The critical path consists of the following:
	'fmul' operation ('tp', conv_core.cpp:64) [60]  (5.7 ns)

 <State 16>: 7.26ns
The critical path consists of the following:
	'load' operation ('sum_load_1', conv_core.cpp:65) on local variable 'sum' [38]  (0 ns)
	'fadd' operation ('sum', conv_core.cpp:65) [61]  (7.26 ns)

 <State 17>: 7.26ns
The critical path consists of the following:
	'fadd' operation ('sum', conv_core.cpp:65) [61]  (7.26 ns)

 <State 18>: 7.26ns
The critical path consists of the following:
	'fadd' operation ('sum', conv_core.cpp:65) [61]  (7.26 ns)

 <State 19>: 7.26ns
The critical path consists of the following:
	'fadd' operation ('sum', conv_core.cpp:65) [61]  (7.26 ns)

 <State 20>: 7.26ns
The critical path consists of the following:
	'fadd' operation ('sum', conv_core.cpp:65) [61]  (7.26 ns)

 <State 21>: 1.59ns
The critical path consists of the following:
	'store' operation ('store_ln57', conv_core.cpp:57) of variable 'sum', conv_core.cpp:65 on local variable 'sum' [63]  (1.59 ns)


============================================================
+ Verbose Summary: Binding
============================================================
N/A
* FSMD analyzer results:
  - Output states:
 - Input state : 
  - Chain level:
	State 1
	State 2
	State 3
	State 4
	State 5
	State 6
	State 7
	State 8
	State 9
	State 10
	State 11
	State 12
	State 13
	State 14
	State 15
	State 16
	State 17
	State 18
	State 19
	State 20
	State 21


============================================================
+ Verbose Summary: Datapath Resource usage 
============================================================
N/A
