INFO: [XSIM 43-3496] Using init file passed via -initfile option "C:/F_Software/Vivado2018.3/Vivado/2018.3/data/xsim/ip/xsim_ip.ini".
Vivado Simulator 2018.3
Copyright 1986-1999, 2001-2018 Xilinx, Inc. All Rights Reserved.
Running: C:/F_Software/Vivado2018.3/Vivado/2018.3/bin/unwrapped/win64.o/xelab.exe xil_defaultlib.apatb_Conv_top glbl -prj Conv.prj -L smartconnect_v1_0 -L axi_protocol_checker_v1_1_12 -L axi_protocol_checker_v1_1_13 -L axis_protocol_checker_v1_1_11 -L axis_protocol_checker_v1_1_12 -L xil_defaultlib -L unisims -L xpm --initfile C:/F_Software/Vivado2018.3/Vivado/2018.3/data/xsim/ip/xsim_ip.ini --lib ieee_proposed=./ieee_proposed -s Conv -debug wave 
Multi-threading is on. Using 18 slave threads.
Determining compilation order of HDL files.
INFO: [VRFC 10-2263] Analyzing SystemVerilog file "C:/D_File/FPGAprj/shousiACC/HLS_2018.3/conv_core/solution1/sim/vhdl/glbl.v" into library work
INFO: [VRFC 10-311] analyzing module glbl
INFO: [VRFC 10-163] Analyzing VHDL file "C:/D_File/FPGAprj/shousiACC/HLS_2018.3/conv_core/solution1/sim/vhdl/AESL_sim_pkg.vhd" into library xil_defaultlib
INFO: [VRFC 10-163] Analyzing VHDL file "C:/D_File/FPGAprj/shousiACC/HLS_2018.3/conv_core/solution1/sim/vhdl/ip/xil_defaultlib/Conv_ap_fadd_3_full_dsp_32.vhd" into library xil_defaultlib
INFO: [VRFC 10-3107] analyzing entity 'Conv_ap_fadd_3_full_dsp_32'
INFO: [VRFC 10-163] Analyzing VHDL file "C:/D_File/FPGAprj/shousiACC/HLS_2018.3/conv_core/solution1/sim/vhdl/ip/xil_defaultlib/Conv_ap_fcmp_0_no_dsp_32.vhd" into library xil_defaultlib
INFO: [VRFC 10-3107] analyzing entity 'Conv_ap_fcmp_0_no_dsp_32'
INFO: [VRFC 10-163] Analyzing VHDL file "C:/D_File/FPGAprj/shousiACC/HLS_2018.3/conv_core/solution1/sim/vhdl/ip/xil_defaultlib/Conv_ap_fmul_2_max_dsp_32.vhd" into library xil_defaultlib
INFO: [VRFC 10-3107] analyzing entity 'Conv_ap_fmul_2_max_dsp_32'
INFO: [VRFC 10-163] Analyzing VHDL file "C:/D_File/FPGAprj/shousiACC/HLS_2018.3/conv_core/solution1/sim/vhdl/AESL_axi_master_gmem.vhd" into library xil_defaultlib
INFO: [VRFC 10-3107] analyzing entity 'AESL_axi_master_gmem'
INFO: [VRFC 10-163] Analyzing VHDL file "C:/D_File/FPGAprj/shousiACC/HLS_2018.3/conv_core/solution1/sim/vhdl/AESL_axi_slave_AXILiteS.vhd" into library xil_defaultlib
INFO: [VRFC 10-3107] analyzing entity 'AESL_axi_slave_AXILiteS'
INFO: [VRFC 10-163] Analyzing VHDL file "C:/D_File/FPGAprj/shousiACC/HLS_2018.3/conv_core/solution1/sim/vhdl/Conv.autotb.vhd" into library xil_defaultlib
INFO: [VRFC 10-3107] analyzing entity 'apatb_Conv_top'
INFO: [VRFC 10-163] Analyzing VHDL file "C:/D_File/FPGAprj/shousiACC/HLS_2018.3/conv_core/solution1/sim/vhdl/Conv.vhd" into library xil_defaultlib
INFO: [VRFC 10-3107] analyzing entity 'Conv'
INFO: [VRFC 10-163] Analyzing VHDL file "C:/D_File/FPGAprj/shousiACC/HLS_2018.3/conv_core/solution1/sim/vhdl/Conv_AXILiteS_s_axi.vhd" into library xil_defaultlib
INFO: [VRFC 10-3107] analyzing entity 'Conv_AXILiteS_s_axi'
INFO: [VRFC 10-163] Analyzing VHDL file "C:/D_File/FPGAprj/shousiACC/HLS_2018.3/conv_core/solution1/sim/vhdl/Conv_fadd_32ns_32bkb.vhd" into library xil_defaultlib
INFO: [VRFC 10-3107] analyzing entity 'Conv_fadd_32ns_32bkb'
INFO: [VRFC 10-163] Analyzing VHDL file "C:/D_File/FPGAprj/shousiACC/HLS_2018.3/conv_core/solution1/sim/vhdl/Conv_fcmp_32ns_32dEe.vhd" into library xil_defaultlib
INFO: [VRFC 10-3107] analyzing entity 'Conv_fcmp_32ns_32dEe'
INFO: [VRFC 10-163] Analyzing VHDL file "C:/D_File/FPGAprj/shousiACC/HLS_2018.3/conv_core/solution1/sim/vhdl/Conv_fmul_32ns_32cud.vhd" into library xil_defaultlib
INFO: [VRFC 10-3107] analyzing entity 'Conv_fmul_32ns_32cud'
INFO: [VRFC 10-163] Analyzing VHDL file "C:/D_File/FPGAprj/shousiACC/HLS_2018.3/conv_core/solution1/sim/vhdl/Conv_gmem_m_axi.vhd" into library xil_defaultlib
INFO: [VRFC 10-3107] analyzing entity 'Conv_gmem_m_axi'
INFO: [VRFC 10-3107] analyzing entity 'Conv_gmem_m_axi_reg_slice'
INFO: [VRFC 10-3107] analyzing entity 'Conv_gmem_m_axi_fifo'
INFO: [VRFC 10-3107] analyzing entity 'Conv_gmem_m_axi_buffer'
INFO: [VRFC 10-3107] analyzing entity 'Conv_gmem_m_axi_decoder'
INFO: [VRFC 10-3107] analyzing entity 'Conv_gmem_m_axi_throttl'
INFO: [VRFC 10-3107] analyzing entity 'Conv_gmem_m_axi_read'
INFO: [VRFC 10-3107] analyzing entity 'Conv_gmem_m_axi_write'
INFO: [VRFC 10-163] Analyzing VHDL file "C:/D_File/FPGAprj/shousiACC/HLS_2018.3/conv_core/solution1/sim/vhdl/Conv_mac_muladd_1hbi.vhd" into library xil_defaultlib
INFO: [VRFC 10-3107] analyzing entity 'Conv_mac_muladd_1hbi_DSP48_2'
INFO: [VRFC 10-3107] analyzing entity 'Conv_mac_muladd_1hbi'
INFO: [VRFC 10-163] Analyzing VHDL file "C:/D_File/FPGAprj/shousiACC/HLS_2018.3/conv_core/solution1/sim/vhdl/Conv_mul_mul_16nsfYi.vhd" into library xil_defaultlib
INFO: [VRFC 10-3107] analyzing entity 'Conv_mul_mul_16nsfYi_DSP48_0'
INFO: [VRFC 10-3107] analyzing entity 'Conv_mul_mul_16nsfYi'
INFO: [VRFC 10-163] Analyzing VHDL file "C:/D_File/FPGAprj/shousiACC/HLS_2018.3/conv_core/solution1/sim/vhdl/Conv_mul_mul_16s_g8j.vhd" into library xil_defaultlib
INFO: [VRFC 10-3107] analyzing entity 'Conv_mul_mul_16s_g8j_DSP48_1'
INFO: [VRFC 10-3107] analyzing entity 'Conv_mul_mul_16s_g8j'
INFO: [VRFC 10-163] Analyzing VHDL file "C:/D_File/FPGAprj/shousiACC/HLS_2018.3/conv_core/solution1/sim/vhdl/Conv_sdiv_19s_9nseOg.vhd" into library xil_defaultlib
INFO: [VRFC 10-3107] analyzing entity 'Conv_sdiv_19s_9nseOg_div_u'
INFO: [VRFC 10-3107] analyzing entity 'Conv_sdiv_19s_9nseOg_div'
INFO: [VRFC 10-3107] analyzing entity 'Conv_sdiv_19s_9nseOg'
Starting static elaboration
WARNING: [VRFC 10-1303] range is empty (null range) [/wrk/2018.3/nightly/2018_12_06_2405991/packages/customer/vivado/data/ip/xilinx/floating_point_v7_1/hdl/floating_point_v7_1_vh_rfs.vhd:90373]
WARNING: [VRFC 10-1303] range is empty (null range) [/wrk/2018.3/nightly/2018_12_06_2405991/packages/customer/vivado/data/ip/xilinx/xbip_pipe_v3_0/hdl/xbip_pipe_v3_0_vh_rfs.vhd:375]
WARNING: [VRFC 10-1303] range is empty (null range) [/wrk/2018.3/nightly/2018_12_06_2405991/packages/customer/vivado/data/ip/xilinx/floating_point_v7_1/hdl/floating_point_v7_1_vh_rfs.vhd:12604]
WARNING: [VRFC 10-1303] range is empty (null range) [/wrk/2018.3/nightly/2018_12_06_2405991/packages/customer/vivado/data/ip/xilinx/floating_point_v7_1/hdl/floating_point_v7_1_vh_rfs.vhd:12604]
WARNING: [VRFC 10-1303] range is empty (null range) [/wrk/2018.3/nightly/2018_12_06_2405991/packages/customer/vivado/data/ip/xilinx/xbip_pipe_v3_0/hdl/xbip_pipe_v3_0_vh_rfs.vhd:375]
WARNING: [VRFC 10-1303] range is empty (null range) [/wrk/2018.3/nightly/2018_12_06_2405991/packages/customer/vivado/data/ip/xilinx/xbip_pipe_v3_0/hdl/xbip_pipe_v3_0_vh_rfs.vhd:375]
WARNING: [VRFC 10-1303] range is empty (null range) [/wrk/2018.3/nightly/2018_12_06_2405991/packages/customer/vivado/data/ip/xilinx/xbip_pipe_v3_0/hdl/xbip_pipe_v3_0_vh_rfs.vhd:375]
WARNING: [VRFC 10-1303] range is empty (null range) [/wrk/2018.3/nightly/2018_12_06_2405991/packages/customer/vivado/data/ip/xilinx/xbip_pipe_v3_0/hdl/xbip_pipe_v3_0_vh_rfs.vhd:375]
WARNING: [VRFC 10-1303] range is empty (null range) [/wrk/2018.3/nightly/2018_12_06_2405991/packages/customer/vivado/data/ip/xilinx/xbip_pipe_v3_0/hdl/xbip_pipe_v3_0_vh_rfs.vhd:375]
WARNING: [VRFC 10-1303] range is empty (null range) [/wrk/2018.3/nightly/2018_12_06_2405991/packages/customer/vivado/data/ip/xilinx/xbip_pipe_v3_0/hdl/xbip_pipe_v3_0_vh_rfs.vhd:375]
WARNING: [VRFC 10-1303] range is empty (null range) [/wrk/2018.3/nightly/2018_12_06_2405991/packages/customer/vivado/data/ip/xilinx/floating_point_v7_1/hdl/floating_point_v7_1_vh_rfs.vhd:12604]
WARNING: [VRFC 10-1303] range is empty (null range) [/wrk/2018.3/nightly/2018_12_06_2405991/packages/customer/vivado/data/ip/xilinx/floating_point_v7_1/hdl/floating_point_v7_1_vh_rfs.vhd:12604]
WARNING: [VRFC 10-1303] range is empty (null range) [/wrk/2018.3/nightly/2018_12_06_2405991/packages/customer/vivado/data/ip/xilinx/floating_point_v7_1/hdl/floating_point_v7_1_vh_rfs.vhd:12604]
WARNING: [VRFC 10-1303] range is empty (null range) [/wrk/2018.3/nightly/2018_12_06_2405991/packages/customer/vivado/data/ip/xilinx/floating_point_v7_1/hdl/floating_point_v7_1_vh_rfs.vhd:12604]
WARNING: [VRFC 10-1303] range is empty (null range) [/wrk/2018.3/nightly/2018_12_06_2405991/packages/customer/vivado/data/ip/xilinx/floating_point_v7_1/hdl/floating_point_v7_1_vh_rfs.vhd:13629]
WARNING: [VRFC 10-3499] library name 'floating_point_v7_1_7' of instantiated unit conflicts with visible identifier [ip/xil_defaultlib/Conv_ap_fadd_3_full_dsp_32.vhd:195]
WARNING: [VRFC 10-1303] range is empty (null range) [/wrk/2018.3/nightly/2018_12_06_2405991/packages/customer/vivado/data/ip/xilinx/floating_point_v7_1/hdl/floating_point_v7_1_vh_rfs.vhd:90373]
WARNING: [VRFC 10-1303] range is empty (null range) [/wrk/2018.3/nightly/2018_12_06_2405991/packages/customer/vivado/data/ip/xilinx/floating_point_v7_1/hdl/floating_point_v7_1_vh_rfs.vhd:12604]
WARNING: [VRFC 10-1303] range is empty (null range) [/wrk/2018.3/nightly/2018_12_06_2405991/packages/customer/vivado/data/ip/xilinx/floating_point_v7_1/hdl/floating_point_v7_1_vh_rfs.vhd:12604]
WARNING: [VRFC 10-1303] range is empty (null range) [/wrk/2018.3/nightly/2018_12_06_2405991/packages/customer/vivado/data/ip/xilinx/floating_point_v7_1/hdl/floating_point_v7_1_vh_rfs.vhd:12604]
WARNING: [VRFC 10-1303] range is empty (null range) [/wrk/2018.3/nightly/2018_12_06_2405991/packages/customer/vivado/data/ip/xilinx/xbip_pipe_v3_0/hdl/xbip_pipe_v3_0_vh_rfs.vhd:375]
WARNING: [VRFC 10-1303] range is empty (null range) [/wrk/2018.3/nightly/2018_12_06_2405991/packages/customer/vivado/data/ip/xilinx/floating_point_v7_1/hdl/floating_point_v7_1_vh_rfs.vhd:12604]
WARNING: [VRFC 10-1303] range is empty (null range) [/wrk/2018.3/nightly/2018_12_06_2405991/packages/customer/vivado/data/ip/xilinx/floating_point_v7_1/hdl/floating_point_v7_1_vh_rfs.vhd:12604]
WARNING: [VRFC 10-1303] range is empty (null range) [/wrk/2018.3/nightly/2018_12_06_2405991/packages/customer/vivado/data/ip/xilinx/xbip_pipe_v3_0/hdl/xbip_pipe_v3_0_vh_rfs.vhd:375]
WARNING: [VRFC 10-1303] range is empty (null range) [/wrk/2018.3/nightly/2018_12_06_2405991/packages/customer/vivado/data/ip/xilinx/floating_point_v7_1/hdl/floating_point_v7_1_vh_rfs.vhd:12604]
WARNING: [VRFC 10-1303] range is empty (null range) [/wrk/2018.3/nightly/2018_12_06_2405991/packages/customer/vivado/data/ip/xilinx/floating_point_v7_1/hdl/floating_point_v7_1_vh_rfs.vhd:12604]
WARNING: [VRFC 10-1303] range is empty (null range) [/wrk/2018.3/nightly/2018_12_06_2405991/packages/customer/vivado/data/ip/xilinx/floating_point_v7_1/hdl/floating_point_v7_1_vh_rfs.vhd:12604]
WARNING: [VRFC 10-1303] range is empty (null range) [/wrk/2018.3/nightly/2018_12_06_2405991/packages/customer/vivado/data/ip/xilinx/floating_point_v7_1/hdl/floating_point_v7_1_vh_rfs.vhd:12604]
WARNING: [VRFC 10-1303] range is empty (null range) [/wrk/2018.3/nightly/2018_12_06_2405991/packages/customer/vivado/data/ip/xilinx/floating_point_v7_1/hdl/floating_point_v7_1_vh_rfs.vhd:13629]
WARNING: [VRFC 10-3499] library name 'floating_point_v7_1_7' of instantiated unit conflicts with visible identifier [ip/xil_defaultlib/Conv_ap_fmul_2_max_dsp_32.vhd:195]
WARNING: [VRFC 10-1303] range is empty (null range) [/wrk/2018.3/nightly/2018_12_06_2405991/packages/customer/vivado/data/ip/xilinx/floating_point_v7_1/hdl/floating_point_v7_1_vh_rfs.vhd:90373]
WARNING: [VRFC 10-1303] range is empty (null range) [/wrk/2018.3/nightly/2018_12_06_2405991/packages/customer/vivado/data/ip/xilinx/floating_point_v7_1/hdl/floating_point_v7_1_vh_rfs.vhd:13629]
WARNING: [VRFC 10-3499] library name 'floating_point_v7_1_7' of instantiated unit conflicts with visible identifier [ip/xil_defaultlib/Conv_ap_fcmp_0_no_dsp_32.vhd:194]
Completed static elaboration
Starting simulation data flow analysis
Completed simulation data flow analysis
Time Resolution for simulation is 1ps
Compiling package std.standard
Compiling package std.textio
Compiling package ieee.std_logic_1164
Compiling package ieee.std_logic_arith
Compiling package ieee.std_logic_unsigned
Compiling package ieee.numeric_std
Compiling package ieee.std_logic_textio
Compiling package floating_point_v7_1_7.floating_point_v7_1_7_viv_comp
Compiling package xbip_utils_v3_0_9.xbip_utils_v3_0_9_pkg
Compiling package axi_utils_v2_0_5.axi_utils_v2_0_5_pkg
Compiling package floating_point_v7_1_7.floating_point_v7_1_7_consts
Compiling package ieee.math_real
Compiling package floating_point_v7_1_7.floating_point_v7_1_7_exp_table_...
Compiling package mult_gen_v12_0_14.mult_gen_v12_0_14_pkg
Compiling package ieee.std_logic_signed
Compiling package floating_point_v7_1_7.floating_point_v7_1_7_pkg
Compiling package floating_point_v7_1_7.flt_utils
Compiling package xbip_pipe_v3_0_5.xbip_pipe_v3_0_5_viv_comp
Compiling package unisim.vcomponents
Compiling package ieee.vital_timing
Compiling package ieee.vital_primitives
Compiling package unisim.vpkg
Compiling module work.glbl
Compiling architecture behave of entity xil_defaultlib.Conv_AXILiteS_s_axi [conv_axilites_s_axi_default]
Compiling architecture behav of entity xil_defaultlib.Conv_gmem_m_axi_throttl [conv_gmem_m_axi_throttl_default]
Compiling architecture behave of entity xil_defaultlib.Conv_gmem_m_axi_fifo [\Conv_gmem_m_axi_fifo(depth=5,de...]
Compiling architecture behave of entity xil_defaultlib.Conv_gmem_m_axi_reg_slice [\Conv_gmem_m_axi_reg_slice(n=64)...]
Compiling architecture behave of entity xil_defaultlib.Conv_gmem_m_axi_fifo [\Conv_gmem_m_axi_fifo(data_bits=...]
Compiling architecture arch of entity xil_defaultlib.Conv_gmem_m_axi_buffer [\Conv_gmem_m_axi_buffer(data_wid...]
Compiling architecture behave of entity xil_defaultlib.Conv_gmem_m_axi_fifo [\Conv_gmem_m_axi_fifo(data_bits=...]
Compiling architecture behave of entity xil_defaultlib.Conv_gmem_m_axi_fifo [\Conv_gmem_m_axi_fifo(data_bits=...]
Compiling architecture behave of entity xil_defaultlib.Conv_gmem_m_axi_write [\Conv_gmem_m_axi_write(num_write...]
Compiling architecture arch of entity xil_defaultlib.Conv_gmem_m_axi_buffer [\Conv_gmem_m_axi_buffer(data_wid...]
Compiling architecture behave of entity xil_defaultlib.Conv_gmem_m_axi_reg_slice [\Conv_gmem_m_axi_reg_slice(n=34)...]
Compiling architecture behave of entity xil_defaultlib.Conv_gmem_m_axi_read [\Conv_gmem_m_axi_read(num_read_o...]
Compiling architecture behave of entity xil_defaultlib.Conv_gmem_m_axi [\Conv_gmem_m_axi(num_read_outsta...]
Compiling architecture muxcy_v of entity unisim.MUXCY [muxcy_default]
Compiling architecture synth of entity xbip_pipe_v3_0_5.xbip_pipe_v3_0_5_viv [\xbip_pipe_v3_0_5_viv(c_has_ce=1...]
Compiling architecture rtl of entity floating_point_v7_1_7.delay [\delay(width=7,length=0)\]
Compiling architecture struct of entity floating_point_v7_1_7.carry_chain [\carry_chain(c_xdevicefamily="zy...]
Compiling architecture synth of entity floating_point_v7_1_7.compare_eq_im [\compare_eq_im(c_xdevicefamily="...]
Compiling architecture xorcy_v of entity unisim.XORCY [xorcy_default]
Compiling architecture struct of entity floating_point_v7_1_7.carry_chain [\carry_chain(c_xdevicefamily="zy...]
Compiling architecture synth of entity xbip_pipe_v3_0_5.xbip_pipe_v3_0_5_viv [\xbip_pipe_v3_0_5_viv(c_has_ce=1...]
Compiling architecture rtl of entity floating_point_v7_1_7.delay [\delay(length=0)\]
Compiling architecture synth of entity xbip_pipe_v3_0_5.xbip_pipe_v3_0_5_viv [\xbip_pipe_v3_0_5_viv(c_has_ce=1...]
Compiling architecture rtl of entity floating_point_v7_1_7.delay [\delay(width=24,length=0,fast_in...]
Compiling architecture synth of entity xbip_pipe_v3_0_5.xbip_pipe_v3_0_5_viv [\xbip_pipe_v3_0_5_viv(c_has_ce=1...]
Compiling architecture rtl of entity floating_point_v7_1_7.delay [\delay(width=16,length=0)\]
Compiling architecture synth of entity xbip_pipe_v3_0_5.xbip_pipe_v3_0_5_viv [\xbip_pipe_v3_0_5_viv(c_has_ce=1...]
Compiling architecture rtl of entity floating_point_v7_1_7.delay [\delay(width=4,length=0)\]
Compiling architecture synth of entity xbip_pipe_v3_0_5.xbip_pipe_v3_0_5_viv [\xbip_pipe_v3_0_5_viv(c_has_ce=1...]
Compiling architecture rtl of entity floating_point_v7_1_7.delay [\delay(width=48,length=0)\]
Compiling architecture synth of entity xbip_pipe_v3_0_5.xbip_pipe_v3_0_5_viv [\xbip_pipe_v3_0_5_viv(c_has_ce=1...]
Compiling architecture rtl of entity floating_point_v7_1_7.delay [\delay(width=24,length=0)\]
Compiling architecture dsp48e1_v of entity unisim.DSP48E1 [\DSP48E1(acascreg=0,adreg=0,alum...]
Compiling architecture rtl of entity floating_point_v7_1_7.dsp48e1_wrapper [\dsp48e1_wrapper(a_width=24,c_wi...]
Compiling architecture synth of entity xbip_pipe_v3_0_5.xbip_pipe_v3_0_5_viv [\xbip_pipe_v3_0_5_viv(c_latency=...]
Compiling architecture rtl of entity floating_point_v7_1_7.delay [delay_default]
Compiling architecture synth of entity xbip_pipe_v3_0_5.xbip_pipe_v3_0_5_viv [\xbip_pipe_v3_0_5_viv(c_has_ce=1...]
Compiling architecture rtl of entity floating_point_v7_1_7.delay [\delay(width=13,length=0)\]
Compiling architecture synth of entity xbip_pipe_v3_0_5.xbip_pipe_v3_0_5_viv [\xbip_pipe_v3_0_5_viv(c_has_ce=1...]
Compiling architecture rtl of entity floating_point_v7_1_7.delay [\delay(width=27,length=0)\]
Compiling architecture synth of entity floating_point_v7_1_7.align_add_dsp48e1_sgl [\align_add_dsp48e1_sgl(c_xdevice...]
Compiling architecture lut5_v of entity unisim.LUT5 [\LUT5(init="00000000000000001111...]
Compiling architecture lut5_v of entity unisim.LUT5 [\LUT5(init="00000000000000000000...]
Compiling architecture synth of entity xbip_pipe_v3_0_5.xbip_pipe_v3_0_5_viv [\xbip_pipe_v3_0_5_viv(c_has_ce=1...]
Compiling architecture rtl of entity floating_point_v7_1_7.delay [\delay(width=5,length=0)\]
Compiling architecture rtl of entity floating_point_v7_1_7.lead_zero_encode_shift [\lead_zero_encode_shift(ab_fw=24...]
Compiling architecture synth of entity xbip_pipe_v3_0_5.xbip_pipe_v3_0_5_viv [\xbip_pipe_v3_0_5_viv(c_has_ce=1...]
Compiling architecture rtl of entity floating_point_v7_1_7.delay [\delay(width=3,length=0)\]
Compiling architecture lut6_v of entity unisim.LUT6 [\LUT6(init="11111110010101001011...]
Compiling architecture lut5_v of entity unisim.LUT5 [\LUT5(init="00010001010111110000...]
Compiling architecture lut5_v of entity unisim.LUT5 [\LUT5(init="11101110101000001111...]
Compiling architecture synth of entity xbip_pipe_v3_0_5.xbip_pipe_v3_0_5_viv [\xbip_pipe_v3_0_5_viv(c_latency=...]
Compiling architecture rtl of entity floating_point_v7_1_7.delay [\delay(width=2)\]
Compiling architecture synth of entity xbip_pipe_v3_0_5.xbip_pipe_v3_0_5_viv [\xbip_pipe_v3_0_5_viv(c_has_ce=1...]
Compiling architecture rtl of entity floating_point_v7_1_7.delay [\delay(width=25,length=0)\]
Compiling architecture dsp48e1_v of entity unisim.DSP48E1 [\DSP48E1(adreg=0,alumodereg=0,ca...]
Compiling architecture rtl of entity floating_point_v7_1_7.dsp48e1_wrapper [\dsp48e1_wrapper(a_width=24,c_wi...]
Compiling architecture rtl of entity floating_point_v7_1_7.norm_and_round_dsp48e1_sgl [\norm_and_round_dsp48e1_sgl(c_mu...]
Compiling architecture lut5_v of entity unisim.LUT5 [\LUT5(init="10011001100110011001...]
Compiling architecture lut5_v of entity unisim.LUT5 [\LUT5(init="11111111000000001111...]
Compiling architecture synth of entity xbip_pipe_v3_0_5.xbip_pipe_v3_0_5_viv [\xbip_pipe_v3_0_5_viv(c_has_ce=1...]
Compiling architecture rtl of entity floating_point_v7_1_7.delay [\delay(width=9,length=0)\]
Compiling architecture struct of entity floating_point_v7_1_7.carry_chain [\carry_chain(c_xdevicefamily="zy...]
Compiling architecture synth of entity xbip_pipe_v3_0_5.xbip_pipe_v3_0_5_viv [\xbip_pipe_v3_0_5_viv(c_has_ce=1...]
Compiling architecture rtl of entity floating_point_v7_1_7.delay [\delay(width=8,length=0)\]
Compiling architecture synth of entity xbip_pipe_v3_0_5.xbip_pipe_v3_0_5_viv [\xbip_pipe_v3_0_5_viv(c_latency=...]
Compiling architecture rtl of entity floating_point_v7_1_7.delay [\delay(width=10)\]
Compiling architecture synth of entity xbip_pipe_v3_0_5.xbip_pipe_v3_0_5_viv [\xbip_pipe_v3_0_5_viv(c_has_ce=1...]
Compiling architecture rtl of entity floating_point_v7_1_7.delay [\delay(width=4,length=0,fast_inp...]
Compiling architecture fdre_v of entity unisim.FDRE [fdre_default]
Compiling architecture fde_v of entity unisim.FDE [fde_default]
Compiling architecture struct of entity floating_point_v7_1_7.carry_chain [\carry_chain(c_xdevicefamily="zy...]
Compiling architecture synth of entity floating_point_v7_1_7.compare_eq_im [\compare_eq_im(c_xdevicefamily="...]
Compiling architecture synth of entity xbip_pipe_v3_0_5.xbip_pipe_v3_0_5_viv [\xbip_pipe_v3_0_5_viv(c_latency=...]
Compiling architecture rtl of entity floating_point_v7_1_7.delay [\delay(fast_input=true)\]
Compiling architecture rtl of entity floating_point_v7_1_7.special_detect [\special_detect(c_xdevicefamily=...]
Compiling architecture struct of entity floating_point_v7_1_7.carry_chain [\carry_chain(c_xdevicefamily="zy...]
Compiling architecture synth of entity floating_point_v7_1_7.compare_gt [\compare_gt(c_xdevicefamily="zyn...]
Compiling architecture synth of entity floating_point_v7_1_7.compare [\compare(c_xdevicefamily="zynq",...]
Compiling architecture synth of entity xbip_pipe_v3_0_5.xbip_pipe_v3_0_5_viv [\xbip_pipe_v3_0_5_viv(c_latency=...]
Compiling architecture rtl of entity floating_point_v7_1_7.delay [\delay(width=8)\]
Compiling architecture synth of entity xbip_pipe_v3_0_5.xbip_pipe_v3_0_5_viv [\xbip_pipe_v3_0_5_viv(c_latency=...]
Compiling architecture rtl of entity floating_point_v7_1_7.delay [\delay(width=9)\]
Compiling architecture synth of entity xbip_pipe_v3_0_5.xbip_pipe_v3_0_5_viv [\xbip_pipe_v3_0_5_viv(c_latency=...]
Compiling architecture rtl of entity floating_point_v7_1_7.delay [\delay(width=2,length=2,fast_inp...]
Compiling architecture synth of entity xbip_pipe_v3_0_5.xbip_pipe_v3_0_5_viv [\xbip_pipe_v3_0_5_viv(c_latency=...]
Compiling architecture rtl of entity floating_point_v7_1_7.delay [\delay(length=2,fast_input=true)...]
Compiling architecture synth of entity xbip_pipe_v3_0_5.xbip_pipe_v3_0_5_viv [\xbip_pipe_v3_0_5_viv(c_has_ce=1...]
Compiling architecture rtl of entity floating_point_v7_1_7.delay [\delay(length=0,fast_input=true)...]
Compiling architecture synth of entity xbip_pipe_v3_0_5.xbip_pipe_v3_0_5_viv [\xbip_pipe_v3_0_5_viv(c_has_ce=1...]
Compiling architecture rtl of entity floating_point_v7_1_7.delay [\delay(width=2,length=0,fast_inp...]
Compiling architecture synth of entity xbip_pipe_v3_0_5.xbip_pipe_v3_0_5_viv [\xbip_pipe_v3_0_5_viv(c_has_ce=1...]
Compiling architecture rtl of entity floating_point_v7_1_7.delay [\delay(width=12,length=0)\]
Compiling architecture rtl of entity floating_point_v7_1_7.flt_add_exp_sp [\flt_add_exp_sp(c_xdevicefamily=...]
Compiling architecture synth of entity xbip_pipe_v3_0_5.xbip_pipe_v3_0_5_viv [\xbip_pipe_v3_0_5_viv(c_latency=...]
Compiling architecture rtl of entity floating_point_v7_1_7.delay [\delay(width=23)\]
Compiling architecture synth of entity floating_point_v7_1_7.flt_dec_op [\flt_dec_op(c_xdevicefamily="zyn...]
Compiling architecture rtl of entity floating_point_v7_1_7.flt_add_dsp [\flt_add_dsp(c_xdevicefamily="zy...]
Compiling architecture rtl of entity floating_point_v7_1_7.flt_add [\flt_add(c_xdevicefamily="zynq",...]
Compiling architecture synth of entity xbip_pipe_v3_0_5.xbip_pipe_v3_0_5_viv [\xbip_pipe_v3_0_5_viv(c_latency=...]
Compiling architecture synth of entity xbip_pipe_v3_0_5.xbip_pipe_v3_0_5_viv [\xbip_pipe_v3_0_5_viv(c_has_ce=1...]
Compiling architecture rtl of entity floating_point_v7_1_7.delay [\delay(width=32,length=0)\]
Compiling architecture xilinx of entity floating_point_v7_1_7.floating_point_v7_1_7_viv [\floating_point_v7_1_7_viv(c_xde...]
Compiling architecture xilinx of entity floating_point_v7_1_7.floating_point_v7_1_7 [\floating_point_v7_1_7(c_xdevice...]
Compiling architecture conv_ap_fadd_3_full_dsp_32_arch of entity xil_defaultlib.Conv_ap_fadd_3_full_dsp_32 [conv_ap_fadd_3_full_dsp_32_defau...]
Compiling architecture arch of entity xil_defaultlib.Conv_fadd_32ns_32bkb [conv_fadd_32ns_32bkb_default]
Compiling architecture synth of entity xbip_pipe_v3_0_5.xbip_pipe_v3_0_5_viv [\xbip_pipe_v3_0_5_viv(c_has_ce=1...]
Compiling architecture rtl of entity floating_point_v7_1_7.delay [\delay(width=17,length=0)\]
Compiling architecture dsp48e1_v of entity unisim.DSP48E1 [\DSP48E1(acascreg=0,adreg=0,alum...]
Compiling architecture rtl of entity floating_point_v7_1_7.dsp48e1_wrapper [\dsp48e1_wrapper(a_width=24,b_wi...]
Compiling architecture dsp48e1_v of entity unisim.DSP48E1 [\DSP48E1(acascreg=0,adreg=0,alum...]
Compiling architecture rtl of entity floating_point_v7_1_7.dsp48e1_wrapper [\dsp48e1_wrapper(a_width=24,b_wi...]
Compiling architecture struct of entity floating_point_v7_1_7.fix_mult_dsp48e1_sgl [\fix_mult_dsp48e1_sgl(registers=...]
Compiling architecture rtl of entity floating_point_v7_1_7.fix_mult [\fix_mult(c_xdevicefamily="zynq"...]
Compiling architecture synth of entity xbip_pipe_v3_0_5.xbip_pipe_v3_0_5_viv [\xbip_pipe_v3_0_5_viv(c_has_ce=1...]
Compiling architecture rtl of entity floating_point_v7_1_7.delay [\delay(width=8,length=0,fast_inp...]
Compiling architecture struct of entity floating_point_v7_1_7.carry_chain [\carry_chain(c_xdevicefamily="zy...]
Compiling architecture struct of entity floating_point_v7_1_7.carry_chain [\carry_chain(c_xdevicefamily="zy...]
Compiling architecture synth of entity floating_point_v7_1_7.compare_eq_im [\compare_eq_im(c_xdevicefamily="...]
Compiling architecture rtl of entity floating_point_v7_1_7.special_detect [\special_detect(c_xdevicefamily=...]
Compiling architecture synth of entity xbip_pipe_v3_0_5.xbip_pipe_v3_0_5_viv [\xbip_pipe_v3_0_5_viv(c_latency=...]
Compiling architecture rtl of entity floating_point_v7_1_7.delay [\delay(width=2,fast_input=true)\]
Compiling architecture synth of entity xbip_pipe_v3_0_5.xbip_pipe_v3_0_5_viv [\xbip_pipe_v3_0_5_viv(c_latency=...]
Compiling architecture rtl of entity floating_point_v7_1_7.delay [\delay(width=4,fast_input=true)\]
Compiling architecture synth of entity xbip_pipe_v3_0_5.xbip_pipe_v3_0_5_viv [\xbip_pipe_v3_0_5_viv(c_has_ce=1...]
Compiling architecture rtl of entity floating_point_v7_1_7.delay [\delay(width=3,length=0,fast_inp...]
Compiling architecture synth of entity xbip_pipe_v3_0_5.xbip_pipe_v3_0_5_viv [\xbip_pipe_v3_0_5_viv(c_has_ce=1...]
Compiling architecture rtl of entity floating_point_v7_1_7.delay [\delay(width=14,length=0)\]
Compiling architecture rtl of entity floating_point_v7_1_7.flt_mult_exp [\flt_mult_exp(c_xdevicefamily="z...]
Compiling architecture synth of entity xbip_pipe_v3_0_5.xbip_pipe_v3_0_5_viv [\xbip_pipe_v3_0_5_viv(c_has_ce=1...]
Compiling architecture rtl of entity floating_point_v7_1_7.delay [\delay(width=30,length=0)\]
Compiling architecture synth of entity xbip_pipe_v3_0_5.xbip_pipe_v3_0_5_viv [\xbip_pipe_v3_0_5_viv(c_has_ce=1...]
Compiling architecture rtl of entity floating_point_v7_1_7.delay [\delay(width=18,length=0)\]
Compiling architecture dsp48e1_v of entity unisim.DSP48E1 [\DSP48E1(acascreg=0,adreg=0,alum...]
Compiling architecture rtl of entity floating_point_v7_1_7.dsp48e1_wrapper [\dsp48e1_wrapper(a_width=30,b_wi...]
Compiling architecture struct of entity floating_point_v7_1_7.flt_round_dsp_opt_full [\flt_round_dsp_opt_full(c_xdevic...]
Compiling architecture rtl of entity floating_point_v7_1_7.flt_mult_round [\flt_mult_round(c_xdevicefamily=...]
Compiling architecture synth of entity floating_point_v7_1_7.flt_dec_op_lat [\flt_dec_op_lat(c_xdevicefamily=...]
Compiling architecture rtl of entity floating_point_v7_1_7.flt_mult [\flt_mult(c_xdevicefamily="zynq"...]
Compiling architecture xilinx of entity floating_point_v7_1_7.floating_point_v7_1_7_viv [\floating_point_v7_1_7_viv(c_xde...]
Compiling architecture xilinx of entity floating_point_v7_1_7.floating_point_v7_1_7 [\floating_point_v7_1_7(c_xdevice...]
Compiling architecture conv_ap_fmul_2_max_dsp_32_arch of entity xil_defaultlib.Conv_ap_fmul_2_max_dsp_32 [conv_ap_fmul_2_max_dsp_32_defaul...]
Compiling architecture arch of entity xil_defaultlib.Conv_fmul_32ns_32cud [\Conv_fmul_32ns_32cud(id=1)\]
Compiling architecture struct of entity floating_point_v7_1_7.carry_chain [\carry_chain(c_xdevicefamily="zy...]
Compiling architecture synth of entity floating_point_v7_1_7.compare_eq_im [\compare_eq_im(c_xdevicefamily="...]
Compiling architecture synth of entity floating_point_v7_1_7.compare_ne_im [\compare_ne_im(c_xdevicefamily="...]
Compiling architecture synth of entity xbip_pipe_v3_0_5.xbip_pipe_v3_0_5_viv [\xbip_pipe_v3_0_5_viv(c_has_ce=1...]
Compiling architecture rtl of entity floating_point_v7_1_7.delay [\delay(width=2,length=0)\]
Compiling architecture struct of entity floating_point_v7_1_7.carry_chain [\carry_chain(c_xdevicefamily="zy...]
Compiling architecture synth of entity floating_point_v7_1_7.compare_eq_im [\compare_eq_im(c_xdevicefamily="...]
Compiling architecture synth of entity xbip_pipe_v3_0_5.xbip_pipe_v3_0_5_viv [\xbip_pipe_v3_0_5_viv(c_has_ce=1...]
Compiling architecture rtl of entity floating_point_v7_1_7.delay [\delay(width=11,length=0)\]
Compiling architecture struct of entity floating_point_v7_1_7.carry_chain [\carry_chain(c_xdevicefamily="zy...]
Compiling architecture synth of entity floating_point_v7_1_7.compare_eq [\compare_eq(c_xdevicefamily="zyn...]
Compiling architecture struct of entity floating_point_v7_1_7.carry_chain [\carry_chain(c_xdevicefamily="zy...]
Compiling architecture synth of entity floating_point_v7_1_7.compare_gt [\compare_gt(c_xdevicefamily="zyn...]
Compiling architecture rtl of entity floating_point_v7_1_7.fp_cmp [\fp_cmp(c_xdevicefamily="zynq",c...]
Compiling architecture xilinx of entity floating_point_v7_1_7.floating_point_v7_1_7_viv [\floating_point_v7_1_7_viv(c_xde...]
Compiling architecture xilinx of entity floating_point_v7_1_7.floating_point_v7_1_7 [\floating_point_v7_1_7(c_xdevice...]
Compiling architecture conv_ap_fcmp_0_no_dsp_32_arch of entity xil_defaultlib.Conv_ap_fcmp_0_no_dsp_32 [conv_ap_fcmp_0_no_dsp_32_default]
Compiling architecture arch of entity xil_defaultlib.Conv_fcmp_32ns_32dEe [\Conv_fcmp_32ns_32dEe(id=1)\]
Compiling architecture rtl of entity xil_defaultlib.Conv_sdiv_19s_9nseOg_div_u [\Conv_sdiv_19s_9nseOg_div_u(in0_...]
Compiling architecture rtl of entity xil_defaultlib.Conv_sdiv_19s_9nseOg_div [\Conv_sdiv_19s_9nseOg_div(in0_wi...]
Compiling architecture arch of entity xil_defaultlib.Conv_sdiv_19s_9nseOg [\Conv_sdiv_19s_9nseOg(id=1,num_s...]
Compiling architecture behav of entity xil_defaultlib.Conv_mul_mul_16nsfYi_DSP48_0 [conv_mul_mul_16nsfyi_dsp48_0_def...]
Compiling architecture arch of entity xil_defaultlib.Conv_mul_mul_16nsfYi [\Conv_mul_mul_16nsfYi(id=1,num_s...]
Compiling architecture behav of entity xil_defaultlib.Conv_mul_mul_16s_g8j_DSP48_1 [conv_mul_mul_16s_g8j_dsp48_1_def...]
Compiling architecture arch of entity xil_defaultlib.Conv_mul_mul_16s_g8j [\Conv_mul_mul_16s_g8j(id=1,num_s...]
Compiling architecture behav of entity xil_defaultlib.Conv_mac_muladd_1hbi_DSP48_2 [conv_mac_muladd_1hbi_dsp48_2_def...]
Compiling architecture arch of entity xil_defaultlib.Conv_mac_muladd_1hbi [\Conv_mac_muladd_1hbi(id=1,num_s...]
Compiling architecture behav of entity xil_defaultlib.Conv [conv_default]
Compiling architecture behav of entity xil_defaultlib.AESL_axi_master_gmem [aesl_axi_master_gmem_default]
Compiling architecture behav of entity xil_defaultlib.AESL_axi_slave_AXILiteS [aesl_axi_slave_axilites_default]
Compiling architecture behav of entity xil_defaultlib.apatb_conv_top
Built simulation snapshot Conv
