INFO: [HLS 200-10] Running 'C:/F_Software/Vivado2018.3/Vivado/2018.3/bin/unwrapped/win64.o/vivado_hls.exe'
INFO: [HLS 200-10] For user '12807' on host 'wang' (Windows NT_amd64 version 6.2) on Thu Apr 20 22:52:36 +0800 2017
INFO: [HLS 200-10] In directory 'C:/D_File/FPGAprj/shousiACC/HLS_2018.3'
INFO: [HLS 200-10] Opening project 'C:/D_File/FPGAprj/shousiACC/HLS_2018.3/conv_core'.
INFO: [HLS 200-10] Opening solution 'C:/D_File/FPGAprj/shousiACC/HLS_2018.3/conv_core/solution1'.
INFO: [SYN 201-201] Setting up clock 'default' with a period of 10ns.
INFO: [HLS 200-10] Setting target device to 'xc7z020clg400-1'
INFO: [XFORM 203-1172] Optimizing floating point zeros and discarding its signedness.
INFO: [XFORM 203-1172] Optimizing floating point zeros and discarding its signedness.
INFO: [XFORM 203-1173] Reordering floating point operations aggressively.
INFO: [XFORM 203-1176] Optimizing floating point comparison without checking NaN.
INFO: [IMPL 213-8] Exporting RTL as a Vivado IP.

****** Vivado v2018.3 (64-bit)
  **** SW Build 2405991 on Thu Dec  6 23:38:27 MST 2018
  **** IP Build 2404404 on Fri Dec  7 01:43:56 MST 2018
    ** Copyright 1986-2018 Xilinx, Inc. All Rights Reserved.

source run_ippack.tcl -notrace
INFO: [IP_Flow 19-234] Refreshing IP repositories
INFO: [IP_Flow 19-1704] No user IP repositories specified
INFO: [IP_Flow 19-2313] Loaded Vivado IP repository 'C:/F_Software/Vivado2018.3/Vivado/2018.3/data/ip'.
WARNING: [IP_Flow 19-4832] The IP name 'Conv_ap_fadd_3_full_dsp_32' you have specified is long. The Windows operating system has path length limitations. It is recommended you use shorter names to reduce the likelihood of issues.
INFO: [IP_Flow 19-1686] Generating 'Synthesis' target for IP 'Conv_ap_fadd_3_full_dsp_32'...
INFO: [IP_Flow 19-1686] Generating 'Simulation' target for IP 'Conv_ap_fadd_3_full_dsp_32'...
INFO: [IP_Flow 19-1686] Generating 'Synthesis' target for IP 'Conv_ap_fcmp_0_no_dsp_32'...
INFO: [IP_Flow 19-1686] Generating 'Simulation' target for IP 'Conv_ap_fcmp_0_no_dsp_32'...
INFO: [IP_Flow 19-1686] Generating 'Synthesis' target for IP 'Conv_ap_fmul_2_max_dsp_32'...
INFO: [IP_Flow 19-1686] Generating 'Simulation' target for IP 'Conv_ap_fmul_2_max_dsp_32'...
INFO: [IP_Flow 19-234] Refreshing IP repositories
INFO: [IP_Flow 19-1704] No user IP repositories specified
INFO: [IP_Flow 19-2313] Loaded Vivado IP repository 'C:/F_Software/Vivado2018.3/Vivado/2018.3/data/ip'.
INFO: [Common 17-206] Exiting Vivado at Thu Apr 20 22:52:45 2017...
